<?xml version="1.0" encoding="UTF-8"?>
<testng-results ignored="0" total="1" passed="1" failed="0" skipped="0">
  <reporter-output>
  </reporter-output>
  <suite started-at="2022-05-13T13:24:02 ART" name="All Test Suite" finished-at="2022-05-13T13:24:48 ART" duration-ms="45827">
    <groups>
    </groups>
    <test started-at="2022-05-13T13:24:02 ART" name="C:/Users/fsuarez/IdeaProjects/blankfactorfreddy" finished-at="2022-05-13T13:24:48 ART" duration-ms="45827">
      <class name="tests.PostsTests">
        <test-method is-config="true" signature="getDriver()[pri:0, instance:tests.PostsTests@6b26e945]" started-at="2022-05-13T13:24:02 ART" name="getDriver" finished-at="2022-05-13T13:24:06 ART" duration-ms="3385" status="PASS">
          <reporter-output>
          </reporter-output>
        </test-method> <!-- getDriver -->
        <test-method signature="Test()[pri:0, instance:tests.PostsTests@6b26e945]" started-at="2022-05-13T13:24:06 ART" name="Test" finished-at="2022-05-13T13:24:43 ART" duration-ms="37667" status="PASS">
          <reporter-output>
          </reporter-output>
        </test-method> <!-- Test -->
        <test-method is-config="true" signature="dispose()[pri:0, instance:tests.PostsTests@6b26e945]" started-at="2022-05-13T13:24:43 ART" name="dispose" finished-at="2022-05-13T13:24:48 ART" duration-ms="4741" status="PASS">
          <reporter-output>
          </reporter-output>
        </test-method> <!-- dispose -->
      </class> <!-- tests.PostsTests -->
    </test> <!-- C:/Users/fsuarez/IdeaProjects/blankfactorfreddy -->
  </suite> <!-- All Test Suite -->
</testng-results>
